INFO:root:Fetching roles for 1995
INFO:root:Matched "accountant" to "accountant"	3	0
INFO:root:Matched "accountant" to "auditor"	0	0
WARNING:root:Invalid z proportion test	x1/inv	0/3	x2/inv	795.046/730.954
WARNING:root:Invalid z for "accountant"	imdb 3	total_census 1526.0	f_imdb 0	f_census 795.046
INFO:root:Matched "baker" to "baker"	3	0
WARNING:root:Invalid z proportion test	x1/inv	0/3	x2/inv	49665.0/79335.0
WARNING:root:Invalid z for "baker"	imdb 3	total_census 129000.0	f_imdb 0	f_census 49665.0
INFO:root:Matched "cashier" to "cashier"	7	5
WARNING:root:Invalid z proportion test	x1/inv	5/2	x2/inv	2159.784/567.216
WARNING:root:Invalid z for "cashier"	imdb 7	total_census 2727.0	f_imdb 5	f_census 2159.784
INFO:root:Matched "cook" to "cook"	6	0
WARNING:root:Invalid z proportion test	x1/inv	0/6	x2/inv	890.445/1110.555
WARNING:root:Invalid z for "cook"	imdb 6	total_census 2001.0	f_imdb 0	f_census 890.445
INFO:root:Matched "dentist" to "dentist"	2	1
WARNING:root:Invalid z proportion test	x1/inv	1/1	x2/inv	20770.0/134230.0
WARNING:root:Invalid z for "dentist"	imdb 2	total_census 155000.0	f_imdb 1	f_census 20770.0
INFO:root:Matched "housekeeping" to "housekeeper"	1	1
INFO:root:Matched "housekeeping" to "housekeeping cleaner"	0	0
INFO:root:Matched "housekeeping" to "maid"	5	5
WARNING:root:Invalid z proportion test	x1/inv	6/0	x2/inv	526854.0/107146.0
WARNING:root:Invalid z for "housekeeping"	imdb 6	total_census 634000.0	f_imdb 6	f_census 526854.0
INFO:root:Matched "lawyer" to "lawyer"	9	0
WARNING:root:Invalid z proportion test	x1/inv	0/9	x2/inv	236016.0/657984.0
WARNING:root:Invalid z for "lawyer"	imdb 9	total_census 894000.0	f_imdb 0	f_census 236016.0
INFO:root:Matched "manager" to "manager"	9	0
WARNING:root:Invalid z proportion test	x1/inv	0/9	x2/inv	1044220.956/956055.044
WARNING:root:Invalid z for "manager"	imdb 9	total_census 2000276.0	f_imdb 0	f_census 1044220.956
INFO:root:Matched "nurse" to "nurse"	61	58
WARNING:root:Invalid z proportion test	x1/inv	58/3	x2/inv	1840.587/136.413
WARNING:root:Invalid z for "nurse"	imdb 61	total_census 1977.0	f_imdb 58	f_census 1840.587
INFO:root:Matched "scientist" to "mathematician"	0	0
INFO:root:Matched "scientist" to "scientist"	4	1
INFO:root:Matched "scientist" to "physicist"	0	0
INFO:root:Matched "scientist" to "chemist"	0	0
WARNING:root:Invalid z proportion test	x1/inv	1/3	x2/inv	723395.4/1353799.6
WARNING:root:Invalid z for "scientist"	imdb 4	total_census 2077195.0	f_imdb 1	f_census 723395.4
INFO:root:Matched "teacher" to "instructor"	2	0
INFO:root:Matched "teacher" to "teacher"	12	9
INFO:root:Mapped 20 of 353	5.7%	Compared 11
INFO:root:Fetching roles for 1996
INFO:root:Matched "accountant" to "accountant"	0	0
INFO:root:Matched "accountant" to "auditor"	2	1
WARNING:root:Invalid z proportion test	x1/inv	1/1	x2/inv	861.28/676.72
WARNING:root:Invalid z for "accountant"	imdb 2	total_census 1538.0	f_imdb 1	f_census 861.28
INFO:root:Matched "baker" to "baker"	1	1
WARNING:root:Invalid z proportion test	x1/inv	1/0	x2/inv	67784.0/80216.0
WARNING:root:Invalid z for "baker"	imdb 1	total_census 148000.0	f_imdb 1	f_census 67784.0
INFO:root:Matched "cashier" to "cashier"	9	1
WARNING:root:Invalid z proportion test	x1/inv	1/8	x2/inv	2230.536/625.464
WARNING:root:Invalid z for "cashier"	imdb 9	total_census 2856.0	f_imdb 1	f_census 2230.536
INFO:root:Matched "cook" to "cook"	3	0
WARNING:root:Invalid z proportion test	x1/inv	0/3	x2/inv	869.742/1191.258
WARNING:root:Invalid z for "cook"	imdb 3	total_census 2061.0	f_imdb 0	f_census 869.742
INFO:root:Matched "dentist" to "dentist"	3	0
WARNING:root:Invalid z proportion test	x1/inv	0/3	x2/inv	18769.0/118231.0
WARNING:root:Invalid z for "dentist"	imdb 3	total_census 137000.0	f_imdb 0	f_census 18769.0
INFO:root:Matched "housekeeping" to "housekeeper"	3	2
INFO:root:Matched "housekeeping" to "housekeeping cleaner"	0	0
INFO:root:Matched "housekeeping" to "maid"	5	5
WARNING:root:Invalid z proportion test	x1/inv	7/1	x2/inv	558694.0/124306.0
WARNING:root:Invalid z for "housekeeping"	imdb 8	total_census 683000.0	f_imdb 7	f_census 558694.0
INFO:root:Matched "lawyer" to "lawyer"	8	0
WARNING:root:Invalid z proportion test	x1/inv	0/8	x2/inv	259600.0/620400.0
WARNING:root:Invalid z for "lawyer"	imdb 8	total_census 880000.0	f_imdb 0	f_census 259600.0
INFO:root:Matched "manager" to "manager"	18	1
WARNING:root:Invalid z proportion test	x1/inv	1/17	x2/inv	1068147.797/970235.203
WARNING:root:Invalid z for "manager"	imdb 18	total_census 2038383.0	f_imdb 1	f_census 1068147.797
INFO:root:Matched "nurse" to "nurse"	98	97
WARNING:root:Invalid z proportion test	x1/inv	97/1	x2/inv	1852.938/133.062
WARNING:root:Invalid z for "nurse"	imdb 98	total_census 1986.0	f_imdb 97	f_census 1852.938
INFO:root:Matched "scientist" to "mathematician"	0	0
INFO:root:Matched "scientist" to "scientist"	7	0
INFO:root:Matched "scientist" to "physicist"	0	0
INFO:root:Matched "scientist" to "chemist"	0	0
WARNING:root:Invalid z proportion test	x1/inv	0/7	x2/inv	487633.703/677804.297
WARNING:root:Invalid z for "scientist"	imdb 7	total_census 1165438.0	f_imdb 0	f_census 487633.703
INFO:root:Matched "teacher" to "instructor"	2	1
INFO:root:Matched "teacher" to "teacher"	32	23
INFO:root:Mapped 20 of 345	5.8%	Compared 11
INFO:root:Fetching roles for 1997
INFO:root:Matched "accountant" to "accountant"	0	0
INFO:root:Matched "accountant" to "auditor"	0	0
WARNING:root:Invalid z proportion test	x1/inv	0/0	x2/inv	919.75/705.25
WARNING:root:Invalid z for "accountant"	imdb 0	total_census 1625.0	f_imdb 0	f_census 919.75
INFO:root:Matched "baker" to "baker"	1	0
WARNING:root:Invalid z proportion test	x1/inv	0/1	x2/inv	67800.0/82200.0
WARNING:root:Invalid z for "baker"	imdb 1	total_census 150000.0	f_imdb 0	f_census 67800.0
INFO:root:Matched "cashier" to "cashier"	8	4
WARNING:root:Invalid z proportion test	x1/inv	4/4	x2/inv	2357.488/649.512
WARNING:root:Invalid z for "cashier"	imdb 8	total_census 3007.0	f_imdb 4	f_census 2357.488
INFO:root:Matched "cook" to "cook"	2	0
WARNING:root:Invalid z proportion test	x1/inv	0/2	x2/inv	888.668/1237.332
WARNING:root:Invalid z for "cook"	imdb 2	total_census 2126.0	f_imdb 0	f_census 888.668
INFO:root:Matched "dentist" to "dentist"	0	0
WARNING:root:Invalid z proportion test	x1/inv	0/0	x2/inv	23874.0/114126.0
WARNING:root:Invalid z for "dentist"	imdb 0	total_census 138000.0	f_imdb 0	f_census 23874.0
INFO:root:Matched "housekeeping" to "housekeeper"	1	1
INFO:root:Matched "housekeeping" to "housekeeping cleaner"	0	0
INFO:root:Matched "housekeeping" to "maid"	1	1
WARNING:root:Invalid z proportion test	x1/inv	2/0	x2/inv	515043.0/127957.0
WARNING:root:Invalid z for "housekeeping"	imdb 2	total_census 643000.0	f_imdb 2	f_census 515043.0
INFO:root:Matched "lawyer" to "lawyer"	21	0
WARNING:root:Invalid z proportion test	x1/inv	0/21	x2/inv	235410.0/649590.0
WARNING:root:Invalid z for "lawyer"	imdb 21	total_census 885000.0	f_imdb 0	f_census 235410.0
INFO:root:Matched "manager" to "manager"	10	1
WARNING:root:Invalid z proportion test	x1/inv	1/9	x2/inv	1079570.784/1042837.216
WARNING:root:Invalid z for "manager"	imdb 10	total_census 2122408.0	f_imdb 1	f_census 1079570.784
INFO:root:Matched "nurse" to "nurse"	93	89
WARNING:root:Invalid z proportion test	x1/inv	89/4	x2/inv	1930.775/134.225
WARNING:root:Invalid z for "nurse"	imdb 93	total_census 2065.0	f_imdb 89	f_census 1930.775
INFO:root:Matched "scientist" to "mathematician"	0	0
INFO:root:Matched "scientist" to "scientist"	28	0
INFO:root:Matched "scientist" to "physicist"	0	0
INFO:root:Matched "scientist" to "chemist"	0	0
WARNING:root:Invalid z proportion test	x1/inv	0/28	x2/inv	453735.672/633994.328
WARNING:root:Invalid z for "scientist"	imdb 28	total_census 1087730.0	f_imdb 0	f_census 453735.672
INFO:root:Matched "teacher" to "instructor"	2	1
INFO:root:Matched "teacher" to "teacher"	17	8
INFO:root:Mapped 20 of 356	5.6%	Compared 9
INFO:root:Fetching roles for 1998
INFO:root:Matched "accountant" to "accountant"	0	0
INFO:root:Matched "accountant" to "auditor"	0	0
WARNING:root:Invalid z proportion test	x1/inv	0/0	x2/inv	940.512/675.488
WARNING:root:Invalid z for "accountant"	imdb 0	total_census 1616.0	f_imdb 0	f_census 940.512
INFO:root:Matched "baker" to "baker"	1	0
WARNING:root:Invalid z proportion test	x1/inv	0/1	x2/inv	68248.0/83752.0
WARNING:root:Invalid z for "baker"	imdb 1	total_census 152000.0	f_imdb 0	f_census 68248.0
INFO:root:Matched "cashier" to "cashier"	9	7
WARNING:root:Invalid z proportion test	x1/inv	7/2	x2/inv	2365.55/659.45
WARNING:root:Invalid z for "cashier"	imdb 9	total_census 3025.0	f_imdb 7	f_census 2365.55
INFO:root:Matched "cook" to "cook"	4	0
WARNING:root:Invalid z proportion test	x1/inv	0/4	x2/inv	873.215/1261.785
WARNING:root:Invalid z for "cook"	imdb 4	total_census 2135.0	f_imdb 0	f_census 873.215
INFO:root:Matched "dentist" to "dentist"	2	1
WARNING:root:Invalid z proportion test	x1/inv	1/1	x2/inv	30690.0/124310.0
WARNING:root:Invalid z for "dentist"	imdb 2	total_census 155000.0	f_imdb 1	f_census 30690.0
INFO:root:Matched "housekeeping" to "housekeeper"	1	1
INFO:root:Matched "housekeeping" to "housekeeping cleaner"	0	0
INFO:root:Matched "housekeeping" to "maid"	2	2
WARNING:root:Invalid z proportion test	x1/inv	3/0	x2/inv	540684.0/112316.0
WARNING:root:Invalid z for "housekeeping"	imdb 3	total_census 653000.0	f_imdb 3	f_census 540684.0
INFO:root:Matched "lawyer" to "lawyer"	14	3
WARNING:root:Invalid z proportion test	x1/inv	3/11	x2/inv	259920.0/652080.0
WARNING:root:Invalid z for "lawyer"	imdb 14	total_census 912000.0	f_imdb 3	f_census 259920.0
INFO:root:Matched "manager" to "manager"	7	1
WARNING:root:Invalid z proportion test	x1/inv	1/6	x2/inv	1174061.867/1011391.133
WARNING:root:Invalid z for "manager"	imdb 7	total_census 2185453.0	f_imdb 1	f_census 1174061.867
INFO:root:Matched "nurse" to "nurse"	43	41
WARNING:root:Invalid z proportion test	x1/inv	41/2	x2/inv	1879.6/152.4
WARNING:root:Invalid z for "nurse"	imdb 43	total_census 2032.0	f_imdb 41	f_census 1879.6
INFO:root:Matched "scientist" to "mathematician"	0	0
INFO:root:Matched "scientist" to "scientist"	2	0
INFO:root:Matched "scientist" to "physicist"	0	0
INFO:root:Matched "scientist" to "chemist"	0	0
WARNING:root:Invalid z proportion test	x1/inv	0/2	x2/inv	474349.582/664868.418
WARNING:root:Invalid z for "scientist"	imdb 2	total_census 1139218.0	f_imdb 0	f_census 474349.582
INFO:root:Matched "teacher" to "instructor"	2	0
INFO:root:Matched "teacher" to "teacher"	8	6
WARNING:root:Invalid z proportion test	x1/inv	6/4	x2/inv	434427.0/18573.0
WARNING:root:Invalid z for "teacher"	imdb 10	total_census 453000.0	f_imdb 6	f_census 434427.0
INFO:root:Mapped 20 of 358	5.6%	Compared 10
INFO:root:Fetching roles for 1999
INFO:root:Matched "accountant" to "accountant"	1	0
INFO:root:Matched "accountant" to "auditor"	0	0
WARNING:root:Invalid z proportion test	x1/inv	0/1	x2/inv	971.588/686.412
WARNING:root:Invalid z for "accountant"	imdb 1	total_census 1658.0	f_imdb 0	f_census 971.588
INFO:root:Matched "baker" to "baker"	2	0
WARNING:root:Invalid z proportion test	x1/inv	0/2	x2/inv	65262.0/80738.0
WARNING:root:Invalid z for "baker"	imdb 2	total_census 146000.0	f_imdb 0	f_census 65262.0
INFO:root:Matched "cashier" to "cashier"	13	5
INFO:root:Matched "cook" to "cook"	8	1
WARNING:root:Invalid z proportion test	x1/inv	1/7	x2/inv	914.32/1163.68
WARNING:root:Invalid z for "cook"	imdb 8	total_census 2078.0	f_imdb 1	f_census 914.32
INFO:root:Matched "dentist" to "dentist"	1	0
WARNING:root:Invalid z proportion test	x1/inv	0/1	x2/inv	28545.0/144455.0
WARNING:root:Invalid z for "dentist"	imdb 1	total_census 173000.0	f_imdb 0	f_census 28545.0
INFO:root:Matched "housekeeping" to "housekeeper"	8	8
INFO:root:Matched "housekeeping" to "housekeeping cleaner"	0	0
INFO:root:Matched "housekeeping" to "maid"	9	9
WARNING:root:Invalid z proportion test	x1/inv	17/0	x2/inv	548301.0/114699.0
WARNING:root:Invalid z for "housekeeping"	imdb 17	total_census 663000.0	f_imdb 17	f_census 548301.0
INFO:root:Matched "lawyer" to "lawyer"	22	8
INFO:root:Matched "manager" to "manager"	18	1
WARNING:root:Invalid z proportion test	x1/inv	1/17	x2/inv	1147994.429/1031494.571
WARNING:root:Invalid z for "manager"	imdb 18	total_census 2179489.0	f_imdb 1	f_census 1147994.429
INFO:root:Matched "nurse" to "nurse"	174	172
WARNING:root:Invalid z proportion test	x1/inv	172/2	x2/inv	1976.912/151.088
WARNING:root:Invalid z for "nurse"	imdb 174	total_census 2128.0	f_imdb 172	f_census 1976.912
INFO:root:Matched "scientist" to "mathematician"	0	0
INFO:root:Matched "scientist" to "scientist"	16	1
INFO:root:Matched "scientist" to "physicist"	1	0
INFO:root:Matched "scientist" to "chemist"	0	0
WARNING:root:Invalid z proportion test	x1/inv	1/16	x2/inv	536275.882/714120.118
WARNING:root:Invalid z for "scientist"	imdb 17	total_census 1250396.0	f_imdb 1	f_census 536275.882
INFO:root:Matched "teacher" to "instructor"	5	1
INFO:root:Matched "teacher" to "teacher"	37	21
INFO:root:Mapped 20 of 355	5.6%	Compared 11
INFO:root:Fetching roles for 2002
INFO:root:Matched "accountant" to "accountant"	0	0
INFO:root:Matched "accountant" to "auditor"	0	0
WARNING:root:Invalid z proportion test	x1/inv	0/0	x2/inv	1010.988/691.012
WARNING:root:Invalid z for "accountant"	imdb 0	total_census 1702.0	f_imdb 0	f_census 1010.988
INFO:root:Matched "baker" to "baker"	1	0
WARNING:root:Invalid z proportion test	x1/inv	0/1	x2/inv	74444.0/73556.0
WARNING:root:Invalid z for "baker"	imdb 1	total_census 148000.0	f_imdb 0	f_census 74444.0
INFO:root:Matched "cashier" to "cashier"	10	5
INFO:root:Matched "cook" to "cook"	4	0
WARNING:root:Invalid z proportion test	x1/inv	0/4	x2/inv	912.392/1351.608
WARNING:root:Invalid z for "cook"	imdb 4	total_census 2264.0	f_imdb 0	f_census 912.392
INFO:root:Matched "dentist" to "dentist"	1	0
WARNING:root:Invalid z proportion test	x1/inv	0/1	x2/inv	34920.0/145080.0
WARNING:root:Invalid z for "dentist"	imdb 1	total_census 180000.0	f_imdb 0	f_census 34920.0
INFO:root:Matched "housekeeping" to "housekeeper"	4	4
INFO:root:Matched "housekeeping" to "housekeeping cleaner"	0	0
INFO:root:Matched "housekeeping" to "maid"	2	2
WARNING:root:Invalid z proportion test	x1/inv	6/0	x2/inv	583507.0/125493.0
WARNING:root:Invalid z for "housekeeping"	imdb 6	total_census 709000.0	f_imdb 6	f_census 583507.0
INFO:root:Matched "lawyer" to "lawyer"	19	2
WARNING:root:Invalid z proportion test	x1/inv	2/17	x2/inv	271268.0/657732.0
WARNING:root:Invalid z for "lawyer"	imdb 19	total_census 929000.0	f_imdb 2	f_census 271268.0
INFO:root:Matched "manager" to "manager"	10	2
WARNING:root:Invalid z proportion test	x1/inv	2/8	x2/inv	1278942.71/1072551.29
WARNING:root:Invalid z for "manager"	imdb 10	total_census 2351494.0	f_imdb 2	f_census 1278942.71
INFO:root:Matched "nurse" to "nurse"	73	69
WARNING:root:Invalid z proportion test	x1/inv	69/4	x2/inv	2146.919/164.081
WARNING:root:Invalid z for "nurse"	imdb 73	total_census 2311.0	f_imdb 69	f_census 2146.919
INFO:root:Matched "scientist" to "mathematician"	0	0
INFO:root:Matched "scientist" to "scientist"	0	0
INFO:root:Matched "scientist" to "physicist"	0	0
INFO:root:Matched "scientist" to "chemist"	0	0
WARNING:root:Invalid z proportion test	x1/inv	0/0	x2/inv	588538.516/676233.484
WARNING:root:Invalid z for "scientist"	imdb 0	total_census 1264772.0	f_imdb 0	f_census 588538.516
INFO:root:Matched "teacher" to "instructor"	4	3
INFO:root:Matched "teacher" to "teacher"	21	15
INFO:root:Mapped 21 of 351	6.0%	Compared 9
INFO:root:Fetching roles for 2003
INFO:root:Matched "accountant" to "accountant"	4	0
INFO:root:Matched "accountant" to "auditor"	0	0
WARNING:root:Invalid z proportion test	x1/inv	0/4	x2/inv	960.454/678.546
WARNING:root:Invalid z for "accountant"	imdb 4	total_census 1639.0	f_imdb 0	f_census 960.454
INFO:root:Matched "baker" to "baker"	3	0
WARNING:root:Invalid z proportion test	x1/inv	0/3	x2/inv	88755.0/94245.0
WARNING:root:Invalid z for "baker"	imdb 3	total_census 183000.0	f_imdb 0	f_census 88755.0
INFO:root:Matched "butcher" to "butcher"	0	0
WARNING:root:Invalid z proportion test	x1/inv	0/0	x2/inv	82726.0/228274.0
WARNING:root:Invalid z for "butcher"	imdb 0	total_census 311000.0	f_imdb 0	f_census 82726.0
INFO:root:Matched "cashier" to "cashier"	11	5
INFO:root:Matched "cook" to "cook"	3	0
WARNING:root:Invalid z proportion test	x1/inv	0/3	x2/inv	763.694/1050.306
WARNING:root:Invalid z for "cook"	imdb 3	total_census 1814.0	f_imdb 0	f_census 763.694
INFO:root:Matched "dentist" to "dentist"	4	0
WARNING:root:Invalid z proportion test	x1/inv	0/4	x2/inv	44556.0/143444.0
WARNING:root:Invalid z for "dentist"	imdb 4	total_census 188000.0	f_imdb 0	f_census 44556.0
INFO:root:Matched "housekeeping" to "housekeeper"	5	5
INFO:root:Matched "housekeeping" to "housekeeping cleaner"	0	0
INFO:root:Matched "housekeeping" to "maid"	5	5
WARNING:root:Invalid z proportion test	x1/inv	10/0	x2/inv	1211.08/158.92
WARNING:root:Invalid z for "housekeeping"	imdb 10	total_census 1370.0	f_imdb 10	f_census 1211.08
INFO:root:Matched "lawyer" to "lawyer"	20	5
INFO:root:Matched "manager" to "manager"	8	0
WARNING:root:Invalid z proportion test	x1/inv	0/8	x2/inv	37963.987/44367.013
WARNING:root:Invalid z for "manager"	imdb 8	total_census 82331.0	f_imdb 0	f_census 37963.987
INFO:root:Matched "nurse" to "nurse"	82	74
INFO:root:Matched "reporter" to "news analyst"	0	0
INFO:root:Matched "reporter" to "correspondent"	52	25
INFO:root:Matched "reporter" to "reporter"	67	37
INFO:root:Matched "scientist" to "mathematician"	0	0
INFO:root:Matched "scientist" to "scientist"	3	0
INFO:root:Matched "scientist" to "physicist"	1	0
INFO:root:Matched "scientist" to "chemist"	1	0
WARNING:root:Invalid z proportion test	x1/inv	0/5	x2/inv	399006.25/762368.75
WARNING:root:Invalid z for "scientist"	imdb 5	total_census 1161375.0	f_imdb 0	f_census 399006.25
INFO:root:Matched "surgeon" to "physician"	0	0
INFO:root:Matched "surgeon" to "surgeon"	8	2
INFO:root:Matched "surgeon" to "doctor"	68	10
INFO:root:Matched "teacher" to "instructor"	2	1
INFO:root:Matched "teacher" to "teacher"	36	11
INFO:root:Matched "writer" to "writer"	3	2
INFO:root:Matched "writer" to "author"	9	2
WARNING:root:Invalid z proportion test	x1/inv	4/8	x2/inv	103550.0/86450.0
WARNING:root:Invalid z for "writer"	imdb 12	total_census 190000.0	f_imdb 4	f_census 103550.0
INFO:root:Mapped 27 of 332	8.1%	Compared 14
INFO:root:Fetching roles for 2004
INFO:root:Matched "accountant" to "accountant"	1	0
INFO:root:Matched "accountant" to "auditor"	0	0
WARNING:root:Invalid z proportion test	x1/inv	0/1	x2/inv	1042.415/680.585
WARNING:root:Invalid z for "accountant"	imdb 1	total_census 1723.0	f_imdb 0	f_census 1042.415
INFO:root:Matched "baker" to "baker"	0	0
WARNING:root:Invalid z proportion test	x1/inv	0/0	x2/inv	85728.0/102272.0
WARNING:root:Invalid z for "baker"	imdb 0	total_census 188000.0	f_imdb 0	f_census 85728.0
INFO:root:Matched "butcher" to "butcher"	1	0
WARNING:root:Invalid z proportion test	x1/inv	0/1	x2/inv	59584.0/244416.0
WARNING:root:Invalid z for "butcher"	imdb 1	total_census 304000.0	f_imdb 0	f_census 59584.0
INFO:root:Matched "cashier" to "cashier"	12	9
WARNING:root:Invalid z proportion test	x1/inv	9/3	x2/inv	2260.931/710.069
WARNING:root:Invalid z for "cashier"	imdb 12	total_census 2971.0	f_imdb 9	f_census 2260.931
INFO:root:Matched "cook" to "cook"	1	0
WARNING:root:Invalid z proportion test	x1/inv	0/1	x2/inv	727.146/1063.854
WARNING:root:Invalid z for "cook"	imdb 1	total_census 1791.0	f_imdb 0	f_census 727.146
INFO:root:Matched "dentist" to "dentist"	3	0
WARNING:root:Invalid z proportion test	x1/inv	0/3	x2/inv	36740.0/130260.0
WARNING:root:Invalid z for "dentist"	imdb 3	total_census 167000.0	f_imdb 0	f_census 36740.0
INFO:root:Matched "housekeeping" to "housekeeper"	3	3
INFO:root:Matched "housekeeping" to "housekeeping cleaner"	0	0
INFO:root:Matched "housekeeping" to "maid"	4	4
WARNING:root:Invalid z proportion test	x1/inv	7/0	x2/inv	1228.5/136.5
WARNING:root:Invalid z for "housekeeping"	imdb 7	total_census 1365.0	f_imdb 7	f_census 1228.5
INFO:root:Matched "lawyer" to "lawyer"	29	2
WARNING:root:Invalid z proportion test	x1/inv	2/27	x2/inv	280476.0/673524.0
WARNING:root:Invalid z for "lawyer"	imdb 29	total_census 954000.0	f_imdb 2	f_census 280476.0
INFO:root:Matched "manager" to "manager"	16	1
WARNING:root:Invalid z proportion test	x1/inv	1/15	x2/inv	38272.216/45049.784
WARNING:root:Invalid z for "manager"	imdb 16	total_census 83322.0	f_imdb 1	f_census 38272.216
INFO:root:Matched "nurse" to "nurse"	263	258
INFO:root:Matched "reporter" to "news analyst"	1	0
INFO:root:Matched "reporter" to "correspondent"	250	123
INFO:root:Matched "reporter" to "reporter"	197	79
INFO:root:Matched "scientist" to "mathematician"	0	0
INFO:root:Matched "scientist" to "scientist"	3	0
INFO:root:Matched "scientist" to "physicist"	1	0
INFO:root:Matched "scientist" to "chemist"	1	0
WARNING:root:Invalid z proportion test	x1/inv	0/5	x2/inv	380761.95/763603.05
WARNING:root:Invalid z for "scientist"	imdb 5	total_census 1144365.0	f_imdb 0	f_census 380761.95
INFO:root:Matched "surgeon" to "physician"	38	0
INFO:root:Matched "surgeon" to "surgeon"	8	4
INFO:root:Matched "surgeon" to "doctor"	80	13
INFO:root:Matched "teacher" to "instructor"	3	2
INFO:root:Matched "teacher" to "teacher"	17	13
INFO:root:Matched "writer" to "writer"	4	0
INFO:root:Matched "writer" to "author"	17	2
WARNING:root:Invalid z proportion test	x1/inv	2/19	x2/inv	106894.0/87106.0
WARNING:root:Invalid z for "writer"	imdb 21	total_census 194000.0	f_imdb 2	f_census 106894.0
INFO:root:Mapped 27 of 323	8.4%	Compared 14
INFO:root:Fetching roles for 2005
INFO:root:Matched "accountant" to "accountant"	2	0
INFO:root:Matched "accountant" to "auditor"	0	0
WARNING:root:Invalid z proportion test	x1/inv	0/2	x2/inv	1041.777/641.223
WARNING:root:Invalid z for "accountant"	imdb 2	total_census 1683.0	f_imdb 0	f_census 1041.777
INFO:root:Matched "baker" to "baker"	0	0
WARNING:root:Invalid z proportion test	x1/inv	0/0	x2/inv	98820.0/84180.0
WARNING:root:Invalid z for "baker"	imdb 0	total_census 183000.0	f_imdb 0	f_census 98820.0
INFO:root:Matched "butcher" to "butcher"	3	0
WARNING:root:Invalid z proportion test	x1/inv	0/3	x2/inv	65116.0/226884.0
WARNING:root:Invalid z for "butcher"	imdb 3	total_census 292000.0	f_imdb 0	f_census 65116.0
INFO:root:Matched "cashier" to "cashier"	32	19
INFO:root:Matched "cook" to "cook"	3	0
WARNING:root:Invalid z proportion test	x1/inv	0/3	x2/inv	777.474/1060.526
WARNING:root:Invalid z for "cook"	imdb 3	total_census 1838.0	f_imdb 0	f_census 777.474
INFO:root:Matched "dentist" to "dentist"	2	0
WARNING:root:Invalid z proportion test	x1/inv	0/2	x2/inv	36900.0/127100.0
WARNING:root:Invalid z for "dentist"	imdb 2	total_census 164000.0	f_imdb 0	f_census 36900.0
INFO:root:Matched "housekeeping" to "housekeeper"	7	5
INFO:root:Matched "housekeeping" to "housekeeping cleaner"	0	0
INFO:root:Matched "housekeeping" to "maid"	13	13
WARNING:root:Invalid z proportion test	x1/inv	18/2	x2/inv	1236.89/145.11
WARNING:root:Invalid z for "housekeeping"	imdb 20	total_census 1382.0	f_imdb 18	f_census 1236.89
INFO:root:Matched "lawyer" to "lawyer"	49	13
INFO:root:Matched "manager" to "manager"	25	2
WARNING:root:Invalid z proportion test	x1/inv	2/23	x2/inv	39072.04/45307.96
WARNING:root:Invalid z for "manager"	imdb 25	total_census 84380.0	f_imdb 2	f_census 39072.04
INFO:root:Matched "nurse" to "nurse"	165	155
INFO:root:Matched "reporter" to "news analyst"	0	0
INFO:root:Matched "reporter" to "correspondent"	53	30
INFO:root:Matched "reporter" to "reporter"	257	146
INFO:root:Matched "scientist" to "mathematician"	0	0
INFO:root:Matched "scientist" to "scientist"	17	2
INFO:root:Matched "scientist" to "physicist"	1	0
INFO:root:Matched "scientist" to "chemist"	0	0
WARNING:root:Invalid z proportion test	x1/inv	2/16	x2/inv	404883.55/800522.45
WARNING:root:Invalid z for "scientist"	imdb 18	total_census 1205406.0	f_imdb 2	f_census 404883.55
INFO:root:Matched "surgeon" to "physician"	2	0
INFO:root:Matched "surgeon" to "surgeon"	20	5
INFO:root:Matched "surgeon" to "doctor"	136	29
INFO:root:Matched "teacher" to "instructor"	4	1
INFO:root:Matched "teacher" to "teacher"	64	44
INFO:root:Matched "writer" to "writer"	14	0
INFO:root:Matched "writer" to "author"	7	1
WARNING:root:Invalid z proportion test	x1/inv	1/20	x2/inv	111784.0/66216.0
WARNING:root:Invalid z for "writer"	imdb 21	total_census 178000.0	f_imdb 1	f_census 111784.0
INFO:root:Mapped 27 of 328	8.2%	Compared 14
INFO:root:Fetching roles for 2006
INFO:root:Matched "accountant" to "accountant"	5	1
INFO:root:Matched "accountant" to "auditor"	0	0
WARNING:root:Invalid z proportion test	x1/inv	1/4	x2/inv	1070.958/708.042
WARNING:root:Invalid z for "accountant"	imdb 5	total_census 1779.0	f_imdb 1	f_census 1070.958
INFO:root:Matched "baker" to "baker"	86	1
WARNING:root:Invalid z proportion test	x1/inv	1/85	x2/inv	107694.0/78306.0
WARNING:root:Invalid z for "baker"	imdb 86	total_census 186000.0	f_imdb 1	f_census 107694.0
INFO:root:Matched "butcher" to "butcher"	3	0
WARNING:root:Invalid z proportion test	x1/inv	0/3	x2/inv	87308.0/204692.0
WARNING:root:Invalid z for "butcher"	imdb 3	total_census 292000.0	f_imdb 0	f_census 87308.0
INFO:root:Matched "cashier" to "cashier"	7	5
WARNING:root:Invalid z proportion test	x1/inv	5/2	x2/inv	2291.124/771.876
WARNING:root:Invalid z for "cashier"	imdb 7	total_census 3063.0	f_imdb 5	f_census 2291.124
INFO:root:Matched "cook" to "cook"	4	0
WARNING:root:Invalid z proportion test	x1/inv	0/4	x2/inv	810.712/1057.288
WARNING:root:Invalid z for "cook"	imdb 4	total_census 1868.0	f_imdb 0	f_census 810.712
INFO:root:Matched "dentist" to "dentist"	2	0
WARNING:root:Invalid z proportion test	x1/inv	0/2	x2/inv	44296.0/151704.0
WARNING:root:Invalid z for "dentist"	imdb 2	total_census 196000.0	f_imdb 0	f_census 44296.0
INFO:root:Matched "housekeeping" to "housekeeper"	1	1
INFO:root:Matched "housekeeping" to "housekeeping cleaner"	0	0
INFO:root:Matched "housekeeping" to "maid"	3	3
WARNING:root:Invalid z proportion test	x1/inv	4/0	x2/inv	1284.969/138.031
WARNING:root:Invalid z for "housekeeping"	imdb 4	total_census 1423.0	f_imdb 4	f_census 1284.969
INFO:root:Matched "lawyer" to "lawyer"	31	7
INFO:root:Matched "manager" to "manager"	104	89
INFO:root:Matched "nurse" to "nurse"	103	99
WARNING:root:Invalid z proportion test	x1/inv	99/4	x2/inv	2308.977/220.023
WARNING:root:Invalid z for "nurse"	imdb 103	total_census 2529.0	f_imdb 99	f_census 2308.977
INFO:root:Matched "reporter" to "news analyst"	0	0
INFO:root:Matched "reporter" to "correspondent"	63	46
INFO:root:Matched "reporter" to "reporter"	170	83
INFO:root:Matched "scientist" to "mathematician"	0	0
INFO:root:Matched "scientist" to "scientist"	13	2
INFO:root:Matched "scientist" to "physicist"	0	0
INFO:root:Matched "scientist" to "chemist"	0	0
WARNING:root:Invalid z proportion test	x1/inv	2/11	x2/inv	418993.922/794440.078
WARNING:root:Invalid z for "scientist"	imdb 13	total_census 1213434.0	f_imdb 2	f_census 418993.922
INFO:root:Matched "surgeon" to "physician"	1	0
INFO:root:Matched "surgeon" to "surgeon"	3	0
INFO:root:Matched "surgeon" to "doctor"	81	17
INFO:root:Matched "teacher" to "instructor"	8	5
INFO:root:Matched "teacher" to "teacher"	53	22
INFO:root:Matched "writer" to "writer"	3	2
INFO:root:Matched "writer" to "author"	11	5
INFO:root:Mapped 27 of 319	8.5%	Compared 15
INFO:root:Fetching roles for 2007
INFO:root:Matched "accountant" to "accountant"	2	0
INFO:root:Matched "accountant" to "auditor"	0	0
WARNING:root:Invalid z proportion test	x1/inv	0/2	x2/inv	1117.914/688.086
WARNING:root:Invalid z for "accountant"	imdb 2	total_census 1806.0	f_imdb 0	f_census 1117.914
INFO:root:Matched "baker" to "baker"	1	0
WARNING:root:Invalid z proportion test	x1/inv	0/1	x2/inv	103872.0/88128.0
WARNING:root:Invalid z for "baker"	imdb 1	total_census 192000.0	f_imdb 0	f_census 103872.0
INFO:root:Matched "butcher" to "butcher"	0	0
WARNING:root:Invalid z proportion test	x1/inv	0/0	x2/inv	75308.0/205692.0
WARNING:root:Invalid z for "butcher"	imdb 0	total_census 281000.0	f_imdb 0	f_census 75308.0
INFO:root:Matched "cashier" to "cashier"	4	3
WARNING:root:Invalid z proportion test	x1/inv	3/1	x2/inv	2284.632/737.368
WARNING:root:Invalid z for "cashier"	imdb 4	total_census 3022.0	f_imdb 3	f_census 2284.632
INFO:root:Matched "cook" to "cook"	6	0
WARNING:root:Invalid z proportion test	x1/inv	0/6	x2/inv	777.539/1161.461
WARNING:root:Invalid z for "cook"	imdb 6	total_census 1939.0	f_imdb 0	f_census 777.539
INFO:root:Matched "dentist" to "dentist"	1	0
WARNING:root:Invalid z proportion test	x1/inv	0/1	x2/inv	51888.0/132112.0
WARNING:root:Invalid z for "dentist"	imdb 1	total_census 184000.0	f_imdb 0	f_census 51888.0
INFO:root:Matched "housekeeping" to "housekeeper"	8	8
INFO:root:Matched "housekeeping" to "housekeeping cleaner"	0	0
INFO:root:Matched "housekeeping" to "maid"	2	2
WARNING:root:Invalid z proportion test	x1/inv	10/0	x2/inv	1272.884/154.116
WARNING:root:Invalid z for "housekeeping"	imdb 10	total_census 1427.0	f_imdb 10	f_census 1272.884
INFO:root:Matched "lawyer" to "lawyer"	12	0
WARNING:root:Invalid z proportion test	x1/inv	0/12	x2/inv	326.326/674.674
WARNING:root:Invalid z for "lawyer"	imdb 12	total_census 1001.0	f_imdb 0	f_census 326.326
INFO:root:Matched "manager" to "manager"	9	1
WARNING:root:Invalid z proportion test	x1/inv	1/8	x2/inv	42465.627/49783.373
WARNING:root:Invalid z for "manager"	imdb 9	total_census 92249.0	f_imdb 1	f_census 42465.627
INFO:root:Matched "nurse" to "nurse"	137	126
INFO:root:Matched "reporter" to "news analyst"	0	0
INFO:root:Matched "reporter" to "correspondent"	1	0
INFO:root:Matched "reporter" to "reporter"	229	155
INFO:root:Matched "scientist" to "mathematician"	0	0
INFO:root:Matched "scientist" to "scientist"	9	0
INFO:root:Matched "scientist" to "physicist"	0	0
INFO:root:Matched "scientist" to "chemist"	0	0
WARNING:root:Invalid z proportion test	x1/inv	0/9	x2/inv	454250.114/1056131.886
WARNING:root:Invalid z for "scientist"	imdb 9	total_census 1510382.0	f_imdb 0	f_census 454250.114
INFO:root:Matched "surgeon" to "physician"	1	0
INFO:root:Matched "surgeon" to "surgeon"	2	0
INFO:root:Matched "surgeon" to "doctor"	105	31
INFO:root:Matched "teacher" to "instructor"	6	4
INFO:root:Matched "teacher" to "teacher"	16	11
INFO:root:Matched "writer" to "writer"	17	0
INFO:root:Matched "writer" to "author"	2	0
WARNING:root:Invalid z proportion test	x1/inv	0/19	x2/inv	106505.0/72495.0
WARNING:root:Invalid z for "writer"	imdb 19	total_census 179000.0	f_imdb 0	f_census 106505.0
INFO:root:Mapped 33 of 532	6.2%	Compared 14
INFO:root:Fetching roles for 2008
INFO:root:Matched "accountant" to "accountant"	0	0
INFO:root:Matched "accountant" to "auditor"	0	0
WARNING:root:Invalid z proportion test	x1/inv	0/0	x2/inv	1076.582/685.418
WARNING:root:Invalid z for "accountant"	imdb 0	total_census 1762.0	f_imdb 0	f_census 1076.582
INFO:root:Matched "baker" to "baker"	1	1
WARNING:root:Invalid z proportion test	x1/inv	1/0	x2/inv	108058.0/85942.0
WARNING:root:Invalid z for "baker"	imdb 1	total_census 194000.0	f_imdb 1	f_census 108058.0
INFO:root:Matched "butcher" to "butcher"	2	0
WARNING:root:Invalid z proportion test	x1/inv	0/2	x2/inv	82812.0/226188.0
WARNING:root:Invalid z for "butcher"	imdb 2	total_census 309000.0	f_imdb 0	f_census 82812.0
INFO:root:Matched "cashier" to "cashier"	9	7
WARNING:root:Invalid z proportion test	x1/inv	7/2	x2/inv	2288.405/742.595
WARNING:root:Invalid z for "cashier"	imdb 9	total_census 3031.0	f_imdb 7	f_census 2288.405
INFO:root:Matched "cook" to "cook"	3	0
WARNING:root:Invalid z proportion test	x1/inv	0/3	x2/inv	800.797/1196.203
WARNING:root:Invalid z for "cook"	imdb 3	total_census 1997.0	f_imdb 0	f_census 800.797
INFO:root:Matched "dentist" to "dentist"	2	1
WARNING:root:Invalid z proportion test	x1/inv	1/1	x2/inv	41344.0/110656.0
WARNING:root:Invalid z for "dentist"	imdb 2	total_census 152000.0	f_imdb 1	f_census 41344.0
INFO:root:Matched "housekeeping" to "housekeeper"	2	2
INFO:root:Matched "housekeeping" to "housekeeping cleaner"	0	0
INFO:root:Matched "housekeeping" to "maid"	4	4
WARNING:root:Invalid z proportion test	x1/inv	6/0	x2/inv	1287.732/146.268
WARNING:root:Invalid z for "housekeeping"	imdb 6	total_census 1434.0	f_imdb 6	f_census 1287.732
INFO:root:Matched "lawyer" to "lawyer"	31	4
WARNING:root:Invalid z proportion test	x1/inv	4/27	x2/inv	348.816/665.184
WARNING:root:Invalid z for "lawyer"	imdb 31	total_census 1014.0	f_imdb 4	f_census 348.816
INFO:root:Matched "manager" to "manager"	24	1
WARNING:root:Invalid z proportion test	x1/inv	1/23	x2/inv	43393.763/50751.237
WARNING:root:Invalid z for "manager"	imdb 24	total_census 94145.0	f_imdb 1	f_census 43393.763
INFO:root:Matched "nurse" to "nurse"	254	234
INFO:root:Matched "reporter" to "news analyst"	0	0
INFO:root:Matched "reporter" to "correspondent"	50	50
INFO:root:Matched "reporter" to "reporter"	70	26
INFO:root:Matched "scientist" to "mathematician"	0	0
INFO:root:Matched "scientist" to "scientist"	10	0
INFO:root:Matched "scientist" to "physicist"	0	0
INFO:root:Matched "scientist" to "chemist"	2	2
WARNING:root:Invalid z proportion test	x1/inv	2/10	x2/inv	471427.527/1051879.473
WARNING:root:Invalid z for "scientist"	imdb 12	total_census 1523307.0	f_imdb 2	f_census 471427.527
INFO:root:Matched "surgeon" to "physician"	1	0
INFO:root:Matched "surgeon" to "surgeon"	44	1
INFO:root:Matched "surgeon" to "doctor"	168	53
INFO:root:Matched "teacher" to "instructor"	0	0
INFO:root:Matched "teacher" to "teacher"	34	24
INFO:root:Matched "writer" to "writer"	2	2
INFO:root:Matched "writer" to "author"	12	3
INFO:root:Mapped 33 of 533	6.2%	Compared 14
INFO:root:Fetching roles for 2009
INFO:root:Matched "accountant" to "accountant"	5	1
INFO:root:Matched "accountant" to "auditor"	0	0
WARNING:root:Invalid z proportion test	x1/inv	1/4	x2/inv	1083.972/670.028
WARNING:root:Invalid z for "accountant"	imdb 5	total_census 1754.0	f_imdb 1	f_census 1083.972
INFO:root:Matched "baker" to "baker"	0	0
WARNING:root:Invalid z proportion test	x1/inv	0/0	x2/inv	108080.0/84920.0
WARNING:root:Invalid z for "baker"	imdb 0	total_census 193000.0	f_imdb 0	f_census 108080.0
INFO:root:Matched "butcher" to "butcher"	2	1
WARNING:root:Invalid z proportion test	x1/inv	1/1	x2/inv	68856.0/233144.0
WARNING:root:Invalid z for "butcher"	imdb 2	total_census 302000.0	f_imdb 1	f_census 68856.0
INFO:root:Matched "cashier" to "cashier"	14	10
WARNING:root:Invalid z proportion test	x1/inv	10/4	x2/inv	2273.664/782.336
WARNING:root:Invalid z for "cashier"	imdb 14	total_census 3056.0	f_imdb 10	f_census 2273.664
INFO:root:Matched "cook" to "cook"	1	0
WARNING:root:Invalid z proportion test	x1/inv	0/1	x2/inv	831.66/1172.34
WARNING:root:Invalid z for "cook"	imdb 1	total_census 2004.0	f_imdb 0	f_census 831.66
INFO:root:Matched "dentist" to "dentist"	6	1
WARNING:root:Invalid z proportion test	x1/inv	1/5	x2/inv	49528.0/114472.0
WARNING:root:Invalid z for "dentist"	imdb 6	total_census 164000.0	f_imdb 1	f_census 49528.0
INFO:root:Matched "housekeeping" to "housekeeper"	3	3
INFO:root:Matched "housekeeping" to "housekeeping cleaner"	0	0
INFO:root:Matched "housekeeping" to "maid"	3	3
WARNING:root:Invalid z proportion test	x1/inv	6/0	x2/inv	1282.344/145.656
WARNING:root:Invalid z for "housekeeping"	imdb 6	total_census 1428.0	f_imdb 6	f_census 1282.344
INFO:root:Matched "lawyer" to "lawyer"	40	8
INFO:root:Matched "manager" to "manager"	21	2
WARNING:root:Invalid z proportion test	x1/inv	2/19	x2/inv	42915.287/49528.713
WARNING:root:Invalid z for "manager"	imdb 21	total_census 92444.0	f_imdb 2	f_census 42915.287
INFO:root:Matched "nurse" to "nurse"	140	133
INFO:root:Matched "reporter" to "news analyst"	0	0
INFO:root:Matched "reporter" to "correspondent"	32	26
INFO:root:Matched "reporter" to "reporter"	111	56
INFO:root:Matched "scientist" to "mathematician"	0	0
INFO:root:Matched "scientist" to "scientist"	10	0
INFO:root:Matched "scientist" to "physicist"	0	0
INFO:root:Matched "scientist" to "chemist"	0	0
WARNING:root:Invalid z proportion test	x1/inv	0/10	x2/inv	452923.504/1010404.496
WARNING:root:Invalid z for "scientist"	imdb 10	total_census 1463328.0	f_imdb 0	f_census 452923.504
INFO:root:Matched "surgeon" to "physician"	4	1
INFO:root:Matched "surgeon" to "surgeon"	5	1
INFO:root:Matched "surgeon" to "doctor"	90	19
INFO:root:Matched "teacher" to "instructor"	3	2
INFO:root:Matched "teacher" to "teacher"	35	23
INFO:root:Matched "writer" to "writer"	19	4
INFO:root:Matched "writer" to "author"	11	2
INFO:root:Mapped 33 of 531	6.2%	Compared 14
INFO:root:Fetching roles for 2010
INFO:root:Matched "accountant" to "accountant"	1	0
INFO:root:Matched "accountant" to "auditor"	0	0
WARNING:root:Invalid z proportion test	x1/inv	0/1	x2/inv	989246.0/656754.0
WARNING:root:Invalid z for "accountant"	imdb 1	total_census 1646000.0	f_imdb 0	f_census 989246.0
INFO:root:Matched "baker" to "baker"	4	1
WARNING:root:Invalid z proportion test	x1/inv	1/3	x2/inv	117420.0/88580.0
WARNING:root:Invalid z for "baker"	imdb 4	total_census 206000.0	f_imdb 1	f_census 117420.0
INFO:root:Matched "butcher" to "butcher"	1	0
WARNING:root:Invalid z proportion test	x1/inv	0/1	x2/inv	70172.0/260828.0
WARNING:root:Invalid z for "butcher"	imdb 1	total_census 331000.0	f_imdb 0	f_census 70172.0
INFO:root:Matched "cashier" to "cashier"	7	5
WARNING:root:Invalid z proportion test	x1/inv	5/2	x2/inv	2291333.0/817667.0
WARNING:root:Invalid z for "cashier"	imdb 7	total_census 3109000.0	f_imdb 5	f_census 2291333.0
INFO:root:Matched "cook" to "cook"	7	0
WARNING:root:Invalid z proportion test	x1/inv	0/7	x2/inv	790155.0/1160845.0
WARNING:root:Invalid z for "cook"	imdb 7	total_census 1951000.0	f_imdb 0	f_census 790155.0
INFO:root:Matched "dentist" to "dentist"	1	0
WARNING:root:Invalid z proportion test	x1/inv	0/1	x2/inv	44625.0/130375.0
WARNING:root:Invalid z for "dentist"	imdb 1	total_census 175000.0	f_imdb 0	f_census 44625.0
INFO:root:Matched "housekeeping" to "housekeeper"	2	2
INFO:root:Matched "housekeeping" to "housekeeping cleaner"	0	0
INFO:root:Matched "housekeeping" to "maid"	5	5
WARNING:root:Invalid z proportion test	x1/inv	7/0	x2/inv	1252230.0/154770.0
WARNING:root:Invalid z for "housekeeping"	imdb 7	total_census 1407000.0	f_imdb 7	f_census 1252230.0
INFO:root:Matched "lawyer" to "lawyer"	39	8
INFO:root:Matched "manager" to "manager"	14	2
WARNING:root:Invalid z proportion test	x1/inv	2/12	x2/inv	1551740.0/2597260.0
WARNING:root:Invalid z for "manager"	imdb 14	total_census 4149000.0	f_imdb 2	f_census 1551740.0
INFO:root:Matched "nurse" to "nurse"	106	100
INFO:root:Matched "reporter" to "news analyst"	0	0
INFO:root:Matched "reporter" to "correspondent"	564	367
INFO:root:Matched "reporter" to "reporter"	179	75
INFO:root:Matched "scientist" to "mathematician"	0	0
INFO:root:Matched "scientist" to "scientist"	26	5
INFO:root:Matched "scientist" to "physicist"	4	0
INFO:root:Matched "scientist" to "chemist"	0	0
INFO:root:Matched "surgeon" to "physician"	1	0
INFO:root:Matched "surgeon" to "surgeon"	10	1
INFO:root:Matched "surgeon" to "doctor"	107	32
INFO:root:Matched "teacher" to "instructor"	4	1
INFO:root:Matched "teacher" to "teacher"	35	12
INFO:root:Matched "writer" to "writer"	10	2
INFO:root:Matched "writer" to "author"	9	5
INFO:root:Mapped 30 of 764	3.9%	Compared 15
INFO:root:Fetching roles for 2011
INFO:root:Matched "accountant" to "accountant"	8	1
INFO:root:Matched "accountant" to "auditor"	0	0
WARNING:root:Invalid z proportion test	x1/inv	1/7	x2/inv	1013289.0/639711.0
WARNING:root:Invalid z for "accountant"	imdb 8	total_census 1653000.0	f_imdb 1	f_census 1013289.0
INFO:root:Matched "baker" to "baker"	0	0
WARNING:root:Invalid z proportion test	x1/inv	0/0	x2/inv	113850.0/93150.0
WARNING:root:Invalid z for "baker"	imdb 0	total_census 207000.0	f_imdb 0	f_census 113850.0
INFO:root:Matched "butcher" to "butcher"	2	0
WARNING:root:Invalid z proportion test	x1/inv	0/2	x2/inv	90972.0/251028.0
WARNING:root:Invalid z for "butcher"	imdb 2	total_census 342000.0	f_imdb 0	f_census 90972.0
INFO:root:Matched "cashier" to "cashier"	28	11
INFO:root:Matched "cook" to "cook"	4	0
WARNING:root:Invalid z proportion test	x1/inv	0/4	x2/inv	780080.0/1209920.0
WARNING:root:Invalid z for "cook"	imdb 4	total_census 1990000.0	f_imdb 0	f_census 780080.0
INFO:root:Matched "dentist" to "dentist"	2	1
WARNING:root:Invalid z proportion test	x1/inv	1/1	x2/inv	40182.0/140818.0
WARNING:root:Invalid z for "dentist"	imdb 2	total_census 181000.0	f_imdb 1	f_census 40182.0
INFO:root:Matched "housekeeping" to "housekeeper"	7	7
INFO:root:Matched "housekeeping" to "housekeeping cleaner"	0	0
INFO:root:Matched "housekeeping" to "maid"	14	14
WARNING:root:Invalid z proportion test	x1/inv	21/0	x2/inv	1257234.0/161766.0
WARNING:root:Invalid z for "housekeeping"	imdb 21	total_census 1419000.0	f_imdb 21	f_census 1257234.0
INFO:root:Matched "lawyer" to "lawyer"	42	11
INFO:root:Matched "manager" to "manager"	17	2
WARNING:root:Invalid z proportion test	x1/inv	2/15	x2/inv	1705491.0/2971509.0
WARNING:root:Invalid z for "manager"	imdb 17	total_census 4677000.0	f_imdb 2	f_census 1705491.0
INFO:root:Matched "nurse" to "nurse"	130	125
INFO:root:Matched "reporter" to "news analyst"	0	0
INFO:root:Matched "reporter" to "correspondent"	27	17
INFO:root:Matched "reporter" to "reporter"	160	88
INFO:root:Matched "scientist" to "mathematician"	0	0
INFO:root:Matched "scientist" to "scientist"	5	1
INFO:root:Matched "scientist" to "physicist"	1	0
INFO:root:Matched "scientist" to "chemist"	0	0
WARNING:root:Invalid z proportion test	x1/inv	1/5	x2/inv	324244.0/437756.0
WARNING:root:Invalid z for "scientist"	imdb 6	total_census 762000.0	f_imdb 1	f_census 324244.0
INFO:root:Matched "surgeon" to "physician"	2	0
INFO:root:Matched "surgeon" to "surgeon"	8	2
INFO:root:Matched "surgeon" to "doctor"	78	13
INFO:root:Matched "teacher" to "instructor"	4	2
INFO:root:Matched "teacher" to "teacher"	49	29
INFO:root:Matched "writer" to "writer"	14	2
INFO:root:Matched "writer" to "author"	7	0
WARNING:root:Invalid z proportion test	x1/inv	2/19	x2/inv	124260.0/93740.0
WARNING:root:Invalid z for "writer"	imdb 21	total_census 218000.0	f_imdb 2	f_census 124260.0
INFO:root:Mapped 32 of 814	3.9%	Compared 14
INFO:root:Fetching roles for 2012
INFO:root:Matched "accountant" to "accountant"	1	0
INFO:root:Matched "accountant" to "auditor"	0	0
WARNING:root:Invalid z proportion test	x1/inv	0/1	x2/inv	1074885.0/690115.0
WARNING:root:Invalid z for "accountant"	imdb 1	total_census 1765000.0	f_imdb 0	f_census 1074885.0
INFO:root:Matched "baker" to "baker"	5	1
WARNING:root:Invalid z proportion test	x1/inv	1/4	x2/inv	107261.0/91739.0
WARNING:root:Invalid z for "baker"	imdb 5	total_census 199000.0	f_imdb 1	f_census 107261.0
INFO:root:Matched "butcher" to "butcher"	0	0
WARNING:root:Invalid z proportion test	x1/inv	0/0	x2/inv	71530.0/239470.0
WARNING:root:Invalid z for "butcher"	imdb 0	total_census 311000.0	f_imdb 0	f_census 71530.0
INFO:root:Matched "cashier" to "cashier"	8	6
WARNING:root:Invalid z proportion test	x1/inv	6/2	x2/inv	2351450.0/923550.0
WARNING:root:Invalid z for "cashier"	imdb 8	total_census 3275000.0	f_imdb 6	f_census 2351450.0
INFO:root:Matched "cook" to "cook"	4	1
WARNING:root:Invalid z proportion test	x1/inv	1/3	x2/inv	742690.0/1227310.0
WARNING:root:Invalid z for "cook"	imdb 4	total_census 1970000.0	f_imdb 1	f_census 742690.0
INFO:root:Matched "dentist" to "dentist"	1	0
WARNING:root:Invalid z proportion test	x1/inv	0/1	x2/inv	40414.0/126586.0
WARNING:root:Invalid z for "dentist"	imdb 1	total_census 167000.0	f_imdb 0	f_census 40414.0
INFO:root:Matched "housekeeping" to "housekeeper"	6	6
INFO:root:Matched "housekeeping" to "housekeeping cleaner"	0	0
INFO:root:Matched "housekeeping" to "maid"	4	4
WARNING:root:Invalid z proportion test	x1/inv	10/0	x2/inv	1283617.0/173383.0
WARNING:root:Invalid z for "housekeeping"	imdb 10	total_census 1457000.0	f_imdb 10	f_census 1283617.0
INFO:root:Matched "lawyer" to "lawyer"	38	8
INFO:root:Matched "manager" to "manager"	16	2
WARNING:root:Invalid z proportion test	x1/inv	2/14	x2/inv	1940894.0/3255106.0
WARNING:root:Invalid z for "manager"	imdb 16	total_census 5196000.0	f_imdb 2	f_census 1940894.0
INFO:root:Matched "nurse" to "nurse"	134	119
INFO:root:Matched "reporter" to "news analyst"	0	0
INFO:root:Matched "reporter" to "correspondent"	6	4
INFO:root:Matched "reporter" to "reporter"	228	105
INFO:root:Matched "scientist" to "mathematician"	0	0
INFO:root:Matched "scientist" to "scientist"	4	1
INFO:root:Matched "scientist" to "physicist"	0	0
INFO:root:Matched "scientist" to "chemist"	0	0
WARNING:root:Invalid z proportion test	x1/inv	1/3	x2/inv	280809.0/377191.0
WARNING:root:Invalid z for "scientist"	imdb 4	total_census 658000.0	f_imdb 1	f_census 280809.0
INFO:root:Matched "surgeon" to "physician"	2	0
INFO:root:Matched "surgeon" to "surgeon"	5	0
INFO:root:Matched "surgeon" to "doctor"	137	56
INFO:root:Matched "teacher" to "instructor"	4	0
INFO:root:Matched "teacher" to "teacher"	16	11
INFO:root:Matched "writer" to "writer"	8	1
INFO:root:Matched "writer" to "author"	14	4
INFO:root:Mapped 27 of 577	4.7%	Compared 14
INFO:root:Fetching roles for 2013
INFO:root:Matched "accountant" to "accountant"	2	1
INFO:root:Matched "accountant" to "auditor"	0	0
WARNING:root:Invalid z proportion test	x1/inv	1/1	x2/inv	1126494.0/687506.0
WARNING:root:Invalid z for "accountant"	imdb 2	total_census 1814000.0	f_imdb 1	f_census 1126494.0
INFO:root:Matched "baker" to "baker"	4	0
WARNING:root:Invalid z proportion test	x1/inv	0/4	x2/inv	123786.0/83214.0
WARNING:root:Invalid z for "baker"	imdb 4	total_census 207000.0	f_imdb 0	f_census 123786.0
INFO:root:Matched "butcher" to "butcher"	0	0
WARNING:root:Invalid z proportion test	x1/inv	0/0	x2/inv	82365.0/240635.0
WARNING:root:Invalid z for "butcher"	imdb 0	total_census 323000.0	f_imdb 0	f_census 82365.0
INFO:root:Matched "cashier" to "cashier"	7	5
WARNING:root:Invalid z proportion test	x1/inv	5/2	x2/inv	2333118.0/920882.0
WARNING:root:Invalid z for "cashier"	imdb 7	total_census 3254000.0	f_imdb 5	f_census 2333118.0
INFO:root:Matched "cook" to "cook"	1	0
WARNING:root:Invalid z proportion test	x1/inv	0/1	x2/inv	789236.0/1198764.0
WARNING:root:Invalid z for "cook"	imdb 1	total_census 1988000.0	f_imdb 0	f_census 789236.0
INFO:root:Matched "dentist" to "dentist"	2	0
WARNING:root:Invalid z proportion test	x1/inv	0/2	x2/inv	56364.0/126636.0
WARNING:root:Invalid z for "dentist"	imdb 2	total_census 183000.0	f_imdb 0	f_census 56364.0
INFO:root:Matched "housekeeping" to "housekeeper"	2	2
INFO:root:Matched "housekeeping" to "housekeeping cleaner"	0	0
INFO:root:Matched "housekeeping" to "maid"	5	5
WARNING:root:Invalid z proportion test	x1/inv	7/0	x2/inv	1228677.0/172323.0
WARNING:root:Invalid z for "housekeeping"	imdb 7	total_census 1401000.0	f_imdb 7	f_census 1228677.0
INFO:root:Matched "lawyer" to "lawyer"	24	0
WARNING:root:Invalid z proportion test	x1/inv	0/24	x2/inv	361452.0/730548.0
WARNING:root:Invalid z for "lawyer"	imdb 24	total_census 1092000.0	f_imdb 0	f_census 361452.0
INFO:root:Matched "manager" to "manager"	14	2
WARNING:root:Invalid z proportion test	x1/inv	2/12	x2/inv	2037098.0/3498902.0
WARNING:root:Invalid z for "manager"	imdb 14	total_census 5536000.0	f_imdb 2	f_census 2037098.0
INFO:root:Matched "nurse" to "nurse"	189	178
INFO:root:Matched "reporter" to "news analyst"	0	0
INFO:root:Matched "reporter" to "correspondent"	79	47
INFO:root:Matched "reporter" to "reporter"	135	74
INFO:root:Matched "scientist" to "mathematician"	0	0
INFO:root:Matched "scientist" to "scientist"	11	1
INFO:root:Matched "scientist" to "physicist"	0	0
INFO:root:Matched "scientist" to "chemist"	0	0
WARNING:root:Invalid z proportion test	x1/inv	1/10	x2/inv	292445.0/393555.0
WARNING:root:Invalid z for "scientist"	imdb 11	total_census 686000.0	f_imdb 1	f_census 292445.0
INFO:root:Matched "surgeon" to "physician"	0	0
INFO:root:Matched "surgeon" to "surgeon"	4	1
INFO:root:Matched "surgeon" to "doctor"	93	19
INFO:root:Matched "teacher" to "instructor"	3	3
INFO:root:Matched "teacher" to "teacher"	23	13
INFO:root:Matched "writer" to "writer"	14	5
INFO:root:Matched "writer" to "author"	5	0
INFO:root:Mapped 27 of 574	4.7%	Compared 14
INFO:root:Fetching roles for 2014
INFO:root:Matched "accountant" to "accountant"	0	0
INFO:root:Matched "accountant" to "auditor"	0	0
WARNING:root:Invalid z proportion test	x1/inv	0/0	x2/inv	1086120.0/637880.0
WARNING:root:Invalid z for "accountant"	imdb 0	total_census 1724000.0	f_imdb 0	f_census 1086120.0
INFO:root:Matched "baker" to "baker"	0	0
WARNING:root:Invalid z proportion test	x1/inv	0/0	x2/inv	140672.0/83328.0
WARNING:root:Invalid z for "baker"	imdb 0	total_census 224000.0	f_imdb 0	f_census 140672.0
INFO:root:Matched "butcher" to "butcher"	1	0
WARNING:root:Invalid z proportion test	x1/inv	0/1	x2/inv	77785.0/253215.0
WARNING:root:Invalid z for "butcher"	imdb 1	total_census 331000.0	f_imdb 0	f_census 77785.0
INFO:root:Matched "cashier" to "cashier"	3	2
WARNING:root:Invalid z proportion test	x1/inv	2/1	x2/inv	2340724.0/901276.0
WARNING:root:Invalid z for "cashier"	imdb 3	total_census 3242000.0	f_imdb 2	f_census 2340724.0
INFO:root:Matched "cook" to "cook"	10	9
WARNING:root:Invalid z proportion test	x1/inv	9/1	x2/inv	808752.0/1183248.0
WARNING:root:Invalid z for "cook"	imdb 10	total_census 1992000.0	f_imdb 9	f_census 808752.0
INFO:root:Matched "dentist" to "dentist"	0	0
WARNING:root:Invalid z proportion test	x1/inv	0/0	x2/inv	55872.0/136128.0
WARNING:root:Invalid z for "dentist"	imdb 0	total_census 192000.0	f_imdb 0	f_census 55872.0
INFO:root:Matched "housekeeping" to "housekeeper"	0	0
INFO:root:Matched "housekeeping" to "housekeeping cleaner"	0	0
INFO:root:Matched "housekeeping" to "maid"	4	4
WARNING:root:Invalid z proportion test	x1/inv	4/0	x2/inv	1341404.0/172596.0
WARNING:root:Invalid z for "housekeeping"	imdb 4	total_census 1514000.0	f_imdb 4	f_census 1341404.0
INFO:root:Matched "lawyer" to "lawyer"	19	5
INFO:root:Matched "manager" to "manager"	5	0
WARNING:root:Invalid z proportion test	x1/inv	0/5	x2/inv	2076305.0/3726695.0
WARNING:root:Invalid z for "manager"	imdb 5	total_census 5803000.0	f_imdb 0	f_census 2076305.0
INFO:root:Matched "nurse" to "nurse"	38	34
WARNING:root:Invalid z proportion test	x1/inv	34/4	x2/inv	2599200.0/288800.0
WARNING:root:Invalid z for "nurse"	imdb 38	total_census 2888000.0	f_imdb 34	f_census 2599200.0
INFO:root:Matched "reporter" to "news analyst"	0	0
INFO:root:Matched "reporter" to "correspondent"	72	46
INFO:root:Matched "reporter" to "reporter"	58	30
INFO:root:Matched "scientist" to "mathematician"	0	0
INFO:root:Matched "scientist" to "scientist"	40	1
INFO:root:Matched "scientist" to "physicist"	0	0
INFO:root:Matched "scientist" to "chemist"	2	0
WARNING:root:Invalid z proportion test	x1/inv	1/41	x2/inv	247064.0/381936.0
WARNING:root:Invalid z for "scientist"	imdb 42	total_census 629000.0	f_imdb 1	f_census 247064.0
INFO:root:Matched "surgeon" to "physician"	2	0
INFO:root:Matched "surgeon" to "surgeon"	7	0
INFO:root:Matched "surgeon" to "doctor"	26	6
INFO:root:Matched "teacher" to "instructor"	2	0
INFO:root:Matched "teacher" to "teacher"	18	10
INFO:root:Matched "writer" to "writer"	0	0
INFO:root:Matched "writer" to "author"	1	0
WARNING:root:Invalid z proportion test	x1/inv	0/1	x2/inv	130611.0/90389.0
WARNING:root:Invalid z for "writer"	imdb 1	total_census 221000.0	f_imdb 0	f_census 130611.0
INFO:root:Mapped 26 of 575	4.5%	Compared 12
